[    16.136] _XSERVTransSocketUNIXCreateListener: ...SocketCreateListener() failed
[    16.136] _XSERVTransMakeAllCOTSServerListeners: server already running
[    16.136] (--) Log file renamed from "/home/junaidhisham/.local/share/xorg/Xorg.pid-1356.log" to "/home/junaidhisham/.local/share/xorg/Xorg.1.log"
[    16.136] 
X.Org X Server 1.20.11
X Protocol Version 11, Revision 0
[    16.136] Build Operating System: linux Ubuntu
[    16.136] Current Operating System: Linux pop-os 5.13.0-7614-generic #14~1631647151~20.04~930e87c-Ubuntu SMP Fri Sep 17 00:26:31 UTC  x86_64
[    16.136] Kernel command line: initrd=\EFI\Pop_OS-719bef24-5887-471e-9f98-6f0ec3c80085\initrd.img root=UUID=719bef24-5887-471e-9f98-6f0ec3c80085 ro quiet loglevel=0 systemd.show_status=false splash
[    16.136] Build Date: 06 July 2021  10:17:51AM
[    16.136] xorg-server 2:1.20.11-1ubuntu1~20.04.2 (For technical support please see http://www.ubuntu.com/support) 
[    16.136] Current version of pixman: 0.38.4
[    16.136] 	Before reporting problems, check http://wiki.x.org
	to make sure that you have the latest version.
[    16.136] Markers: (--) probed, (**) from config file, (==) default setting,
	(++) from command line, (!!) notice, (II) informational,
	(WW) warning, (EE) error, (NI) not implemented, (??) unknown.
[    16.136] (==) Log file: "/home/junaidhisham/.local/share/xorg/Xorg.1.log", Time: Mon Nov  1 22:04:08 2021
[    16.136] (==) Using system config directory "/usr/share/X11/xorg.conf.d"
[    16.137] (==) No Layout section.  Using the first Screen section.
[    16.137] (==) No screen section available. Using defaults.
[    16.137] (**) |-->Screen "Default Screen Section" (0)
[    16.137] (**) |   |-->Monitor "<default monitor>"
[    16.137] (==) No monitor specified for screen "Default Screen Section".
	Using a default monitor configuration.
[    16.137] (==) Automatically adding devices
[    16.137] (==) Automatically enabling devices
[    16.137] (==) Automatically adding GPU devices
[    16.137] (==) Automatically binding GPU devices
[    16.137] (==) Max clients allowed: 256, resource mask: 0x1fffff
[    16.137] (WW) The directory "/usr/share/fonts/X11/cyrillic" does not exist.
[    16.137] 	Entry deleted from font path.
[    16.137] (WW) The directory "/usr/share/fonts/X11/100dpi/" does not exist.
[    16.137] 	Entry deleted from font path.
[    16.137] (WW) The directory "/usr/share/fonts/X11/75dpi/" does not exist.
[    16.137] 	Entry deleted from font path.
[    16.137] (WW) The directory "/usr/share/fonts/X11/100dpi" does not exist.
[    16.137] 	Entry deleted from font path.
[    16.137] (WW) The directory "/usr/share/fonts/X11/75dpi" does not exist.
[    16.137] 	Entry deleted from font path.
[    16.137] (==) FontPath set to:
	/usr/share/fonts/X11/misc,
	/usr/share/fonts/X11/Type1,
	built-ins
[    16.137] (==) ModulePath set to "/usr/lib/xorg/modules"
[    16.137] (II) The server relies on udev to provide the list of input devices.
	If no devices become available, reconfigure udev or disable AutoAddDevices.
[    16.137] (II) Loader magic: 0x55b8bcc16020
[    16.137] (II) Module ABI versions:
[    16.137] 	X.Org ANSI C Emulation: 0.4
[    16.137] 	X.Org Video Driver: 24.1
[    16.137] 	X.Org XInput driver : 24.1
[    16.137] 	X.Org Server Extension : 10.0
[    16.137] (++) using VT number 2

[    16.139] (II) systemd-logind: took control of session /org/freedesktop/login1/session/_32
[    16.139] (II) xfree86: Adding drm device (/dev/dri/card0)
[    16.140] (II) systemd-logind: got fd for /dev/dri/card0 226:0 fd 13 paused 0
[    16.141] (--) PCI:*(0@0:2:0) 8086:9a49:103c:87c9 rev 1, Mem @ 0x54000000/16777216, 0x40000000/268435456, I/O @ 0x00003000/64, BIOS @ 0x????????/131072
[    16.141] (II) LoadModule: "glx"
[    16.141] (II) Loading /usr/lib/xorg/modules/extensions/libglx.so
[    16.142] (II) Module glx: vendor="X.Org Foundation"
[    16.142] 	compiled for 1.20.11, module version = 1.0.0
[    16.142] 	ABI class: X.Org Server Extension, version 10.0
[    16.142] (==) Matched modesetting as autoconfigured driver 0
[    16.142] (==) Matched fbdev as autoconfigured driver 1
[    16.142] (==) Matched vesa as autoconfigured driver 2
[    16.142] (==) Assigned the driver to the xf86ConfigLayout
[    16.142] (II) LoadModule: "modesetting"
[    16.142] (II) Loading /usr/lib/xorg/modules/drivers/modesetting_drv.so
[    16.142] (II) Module modesetting: vendor="X.Org Foundation"
[    16.142] 	compiled for 1.20.11, module version = 1.20.11
[    16.142] 	Module class: X.Org Video Driver
[    16.142] 	ABI class: X.Org Video Driver, version 24.1
[    16.142] (II) LoadModule: "fbdev"
[    16.142] (II) Loading /usr/lib/xorg/modules/drivers/fbdev_drv.so
[    16.142] (II) Module fbdev: vendor="X.Org Foundation"
[    16.142] 	compiled for 1.20.1, module version = 0.5.0
[    16.142] 	Module class: X.Org Video Driver
[    16.142] 	ABI class: X.Org Video Driver, version 24.0
[    16.142] (II) LoadModule: "vesa"
[    16.142] (II) Loading /usr/lib/xorg/modules/drivers/vesa_drv.so
[    16.142] (II) Module vesa: vendor="X.Org Foundation"
[    16.142] 	compiled for 1.20.4, module version = 2.4.0
[    16.142] 	Module class: X.Org Video Driver
[    16.142] 	ABI class: X.Org Video Driver, version 24.0
[    16.142] (II) modesetting: Driver for Modesetting Kernel Drivers: kms
[    16.142] (II) FBDEV: driver for framebuffer: fbdev
[    16.142] (II) VESA: driver for VESA chipsets: vesa
[    16.142] xf86EnableIOPorts: failed to set IOPL for I/O (Operation not permitted)
[    16.142] (II) modeset(0): using drv /dev/dri/card0
[    16.142] (WW) Falling back to old probe method for fbdev
[    16.142] (II) Loading sub module "fbdevhw"
[    16.142] (II) LoadModule: "fbdevhw"
[    16.142] (II) Loading /usr/lib/xorg/modules/libfbdevhw.so
[    16.142] (II) Module fbdevhw: vendor="X.Org Foundation"
[    16.142] 	compiled for 1.20.11, module version = 0.0.2
[    16.142] 	ABI class: X.Org Video Driver, version 24.1
[    16.142] (EE) open /dev/fb0: Permission denied
[    16.142] (WW) VGA arbiter: cannot open kernel arbiter, no multi-card support
[    16.142] (II) modeset(0): Creating default Display subsection in Screen section
	"Default Screen Section" for depth/fbbpp 24/32
[    16.142] (==) modeset(0): Depth 24, (==) framebuffer bpp 32
[    16.142] (==) modeset(0): RGB weight 888
[    16.142] (==) modeset(0): Default visual is TrueColor
[    16.142] (II) Loading sub module "glamoregl"
[    16.142] (II) LoadModule: "glamoregl"
[    16.142] (II) Loading /usr/lib/xorg/modules/libglamoregl.so
[    16.145] (II) Module glamoregl: vendor="X.Org Foundation"
[    16.145] 	compiled for 1.20.11, module version = 1.0.1
[    16.145] 	ABI class: X.Org ANSI C Emulation, version 0.4
[    16.165] (II) modeset(0): glamor X acceleration enabled on Mesa Intel(R) Xe Graphics (TGL GT2)
[    16.165] (II) modeset(0): glamor initialized
[    16.167] (II) modeset(0): Output eDP-1 has no monitor section
[    16.167] (II) modeset(0): Output HDMI-1 has no monitor section
[    16.167] (II) modeset(0): Output DP-1 has no monitor section
[    16.167] (II) modeset(0): Output DP-2 has no monitor section
[    16.167] (II) modeset(0): Output DP-3 has no monitor section
[    16.167] (II) modeset(0): Output DP-4 has no monitor section
[    16.168] (II) modeset(0): EDID for output eDP-1
[    16.168] (II) modeset(0): Manufacturer: LGD  Model: 60f  Serial#: 0
[    16.168] (II) modeset(0): Year: 2018  Week: 0
[    16.168] (II) modeset(0): EDID Version: 1.4
[    16.168] (II) modeset(0): Digital Display Input
[    16.168] (II) modeset(0): 6 bits per channel
[    16.168] (II) modeset(0): Digital interface is DisplayPort
[    16.168] (II) modeset(0): Max Image Size [cm]: horiz.: 31  vert.: 17
[    16.168] (II) modeset(0): Gamma: 2.20
[    16.168] (II) modeset(0): No DPMS capabilities specified
[    16.168] (II) modeset(0): Supported color encodings: RGB 4:4:4 
[    16.168] (II) modeset(0): First detailed timing is preferred mode
[    16.168] (II) modeset(0): Preferred mode is native pixel format and refresh rate
[    16.168] (II) modeset(0): Display is continuous-frequency
[    16.168] (II) modeset(0): redX: 0.584 redY: 0.369   greenX: 0.350 greenY: 0.557
[    16.168] (II) modeset(0): blueX: 0.154 blueY: 0.106   whiteX: 0.313 whiteY: 0.329
[    16.168] (II) modeset(0): Manufacturer's mask: 0
[    16.168] (II) modeset(0): Supported detailed timing:
[    16.168] (II) modeset(0): clock: 138.7 MHz   Image Size:  309 x 174 mm
[    16.168] (II) modeset(0): h_active: 1920  h_sync: 1968  h_sync_end 2000 h_blank_end 2080 h_border: 0
[    16.168] (II) modeset(0): v_active: 1080  v_sync: 1083  v_sync_end 1088 v_blanking: 1111 v_border: 0
[    16.168] (II) modeset(0): Supported detailed timing:
[    16.168] (II) modeset(0): clock: 92.4 MHz   Image Size:  309 x 174 mm
[    16.168] (II) modeset(0): h_active: 1920  h_sync: 1968  h_sync_end 2000 h_blank_end 2080 h_border: 0
[    16.168] (II) modeset(0): v_active: 1080  v_sync: 1083  v_sync_end 1088 v_blanking: 1111 v_border: 0
[    16.168] (II) modeset(0): Unknown vendor-specific block 2
[    16.168] (II) modeset(0): EDID (in hex):
[    16.168] (II) modeset(0): 	00ffffffffffff0030e40f0600000000
[    16.168] (II) modeset(0): 	001c0104951f117803aa95955e598e27
[    16.168] (II) modeset(0): 	1b505400000001010101010101010101
[    16.168] (II) modeset(0): 	0101010101012e3680a070381f403020
[    16.169] (II) modeset(0): 	350035ae100000191b2480a070381f40
[    16.169] (II) modeset(0): 	3020350035ae10000019000000000000
[    16.169] (II) modeset(0): 	00000000000000000000000000000002
[    16.169] (II) modeset(0): 	000c3fff0a3c7d10101e7d0000000090
[    16.169] (II) modeset(0): Printing probed modes for output eDP-1
[    16.169] (II) modeset(0): Modeline "1920x1080"x60.0  138.70  1920 1968 2000 2080  1080 1083 1088 1111 -hsync -vsync (66.7 kHz eP)
[    16.169] (II) modeset(0): Modeline "1920x1080"x120.0  356.38  1920 2080 2288 2656  1080 1081 1084 1118 doublescan -hsync +vsync (134.2 kHz d)
[    16.169] (II) modeset(0): Modeline "1920x1080"x119.9  266.50  1920 1944 1960 2000  1080 1081 1084 1111 doublescan +hsync -vsync (133.2 kHz d)
[    16.169] (II) modeset(0): Modeline "1920x1080"x60.0  173.00  1920 2048 2248 2576  1080 1083 1088 1120 -hsync +vsync (67.2 kHz d)
[    16.169] (II) modeset(0): Modeline "1920x1080"x59.9  138.50  1920 1968 2000 2080  1080 1083 1088 1111 +hsync -vsync (66.6 kHz d)
[    16.169] (II) modeset(0): Modeline "1920x1080"x40.0   92.43  1920 1968 2000 2080  1080 1083 1088 1111 -hsync -vsync (44.4 kHz e)
[    16.169] (II) modeset(0): Modeline "1680x1050"x60.0  146.25  1680 1784 1960 2240  1050 1053 1059 1089 -hsync +vsync (65.3 kHz d)
[    16.169] (II) modeset(0): Modeline "1680x1050"x59.9  119.00  1680 1728 1760 1840  1050 1053 1059 1080 +hsync -vsync (64.7 kHz d)
[    16.169] (II) modeset(0): Modeline "1600x1024"x60.2  103.12  1600 1600 1656 1664  1024 1024 1029 1030 +hsync +vsync (62.0 kHz d)
[    16.169] (II) modeset(0): Modeline "1400x1050"x60.0  122.00  1400 1488 1640 1880  1050 1052 1064 1082 +hsync +vsync (64.9 kHz d)
[    16.169] (II) modeset(0): Modeline "1600x900"x120.0  246.00  1600 1728 1900 2200  900 901 904 932 doublescan -hsync +vsync (111.8 kHz d)
[    16.169] (II) modeset(0): Modeline "1600x900"x119.9  186.50  1600 1624 1640 1680  900 901 904 926 doublescan +hsync -vsync (111.0 kHz d)
[    16.169] (II) modeset(0): Modeline "1600x900"x59.9  118.25  1600 1696 1856 2112  900 903 908 934 -hsync +vsync (56.0 kHz d)
[    16.169] (II) modeset(0): Modeline "1600x900"x59.8   97.50  1600 1648 1680 1760  900 903 908 926 +hsync -vsync (55.4 kHz d)
[    16.169] (II) modeset(0): Modeline "1280x1024"x60.0  108.00  1280 1328 1440 1688  1024 1025 1028 1066 +hsync +vsync (64.0 kHz d)
[    16.169] (II) modeset(0): Modeline "1440x900"x59.9  106.50  1440 1520 1672 1904  900 903 909 934 -hsync +vsync (55.9 kHz d)
[    16.169] (II) modeset(0): Modeline "1400x900"x60.0  103.50  1400 1480 1624 1848  900 903 913 934 -hsync +vsync (56.0 kHz d)
[    16.169] (II) modeset(0): Modeline "1400x900"x59.9   86.50  1400 1448 1480 1560  900 903 913 926 +hsync -vsync (55.4 kHz d)
[    16.169] (II) modeset(0): Modeline "1280x960"x60.0  108.00  1280 1376 1488 1800  960 961 964 1000 +hsync +vsync (60.0 kHz d)
[    16.169] (II) modeset(0): Modeline "1440x810"x120.0  198.12  1440 1548 1704 1968  810 811 814 839 doublescan -hsync +vsync (100.7 kHz d)
[    16.169] (II) modeset(0): Modeline "1440x810"x119.9  151.88  1440 1464 1480 1520  810 811 814 833 doublescan +hsync -vsync (99.9 kHz d)
[    16.169] (II) modeset(0): Modeline "1368x768"x59.9   85.25  1368 1440 1576 1784  768 771 781 798 -hsync +vsync (47.8 kHz d)
[    16.169] (II) modeset(0): Modeline "1368x768"x59.9   72.25  1368 1416 1448 1528  768 771 781 790 +hsync -vsync (47.3 kHz d)
[    16.169] (II) modeset(0): Modeline "1360x768"x59.8   84.75  1360 1432 1568 1776  768 771 781 798 -hsync +vsync (47.7 kHz d)
[    16.169] (II) modeset(0): Modeline "1360x768"x60.0   72.00  1360 1408 1440 1520  768 771 781 790 +hsync -vsync (47.4 kHz d)
[    16.169] (II) modeset(0): Modeline "1280x800"x120.0  174.25  1280 1380 1516 1752  800 801 804 829 doublescan -hsync +vsync (99.5 kHz d)
[    16.169] (II) modeset(0): Modeline "1280x800"x119.9  134.25  1280 1304 1320 1360  800 801 804 823 doublescan +hsync -vsync (98.7 kHz d)
[    16.169] (II) modeset(0): Modeline "1280x800"x59.8   83.50  1280 1352 1480 1680  800 803 809 831 -hsync +vsync (49.7 kHz d)
[    16.169] (II) modeset(0): Modeline "1280x800"x59.9   71.00  1280 1328 1360 1440  800 803 809 823 +hsync -vsync (49.3 kHz d)
[    16.169] (II) modeset(0): Modeline "1152x864"x60.0   81.62  1152 1216 1336 1520  864 865 868 895 -hsync +vsync (53.7 kHz d)
[    16.169] (II) modeset(0): Modeline "1280x720"x120.0  156.12  1280 1376 1512 1744  720 721 724 746 doublescan -hsync +vsync (89.5 kHz d)
[    16.169] (II) modeset(0): Modeline "1280x720"x120.0  120.75  1280 1304 1320 1360  720 721 724 740 doublescan +hsync -vsync (88.8 kHz d)
[    16.169] (II) modeset(0): Modeline "1280x720"x59.9   74.50  1280 1344 1472 1664  720 723 728 748 -hsync +vsync (44.8 kHz d)
[    16.169] (II) modeset(0): Modeline "1280x720"x59.7   63.75  1280 1328 1360 1440  720 723 728 741 +hsync -vsync (44.3 kHz d)
[    16.169] (II) modeset(0): Modeline "1024x768"x120.1  133.47  1024 1100 1212 1400  768 768 770 794 doublescan -hsync +vsync (95.3 kHz d)
[    16.169] (II) modeset(0): Modeline "1024x768"x60.0   65.00  1024 1048 1184 1344  768 771 777 806 -hsync -vsync (48.4 kHz d)
[    16.169] (II) modeset(0): Modeline "960x720"x120.0  117.00  960 1024 1128 1300  720 720 722 750 doublescan -hsync +vsync (90.0 kHz d)
[    16.169] (II) modeset(0): Modeline "928x696"x120.1  109.15  928 976 1088 1264  696 696 698 719 doublescan -hsync +vsync (86.4 kHz d)
[    16.169] (II) modeset(0): Modeline "896x672"x120.0  102.40  896 960 1060 1224  672 672 674 697 doublescan -hsync +vsync (83.7 kHz d)
[    16.169] (II) modeset(0): Modeline "1024x576"x119.9   98.50  1024 1092 1200 1376  576 577 580 597 doublescan -hsync +vsync (71.6 kHz d)
[    16.169] (II) modeset(0): Modeline "1024x576"x119.9   78.38  1024 1048 1064 1104  576 577 580 592 doublescan +hsync -vsync (71.0 kHz d)
[    16.169] (II) modeset(0): Modeline "1024x576"x59.9   46.50  1024 1064 1160 1296  576 579 584 599 -hsync +vsync (35.9 kHz d)
[    16.169] (II) modeset(0): Modeline "1024x576"x59.8   42.00  1024 1072 1104 1184  576 579 584 593 +hsync -vsync (35.5 kHz d)
[    16.169] (II) modeset(0): Modeline "960x600"x119.9   96.62  960 1028 1128 1296  600 601 604 622 doublescan -hsync +vsync (74.6 kHz d)
[    16.169] (II) modeset(0): Modeline "960x600"x120.0   77.00  960 984 1000 1040  600 601 604 617 doublescan +hsync -vsync (74.0 kHz d)
[    16.169] (II) modeset(0): Modeline "960x540"x119.9   86.50  960 1024 1124 1288  540 541 544 560 doublescan -hsync +vsync (67.2 kHz d)
[    16.169] (II) modeset(0): Modeline "960x540"x120.0   69.25  960 984 1000 1040  540 541 544 555 doublescan +hsync -vsync (66.6 kHz d)
[    16.169] (II) modeset(0): Modeline "960x540"x59.6   40.75  960 992 1088 1216  540 543 548 562 -hsync +vsync (33.5 kHz d)
[    16.169] (II) modeset(0): Modeline "960x540"x59.8   37.25  960 1008 1040 1120  540 543 548 556 +hsync -vsync (33.3 kHz d)
[    16.169] (II) modeset(0): Modeline "800x600"x120.0   81.00  800 832 928 1080  600 600 602 625 doublescan +hsync +vsync (75.0 kHz d)
[    16.169] (II) modeset(0): Modeline "800x600"x60.3   40.00  800 840 968 1056  600 601 605 628 +hsync +vsync (37.9 kHz d)
[    16.169] (II) modeset(0): Modeline "800x600"x56.2   36.00  800 824 896 1024  600 601 603 625 +hsync +vsync (35.2 kHz d)
[    16.169] (II) modeset(0): Modeline "840x525"x120.0   73.12  840 892 980 1120  525 526 529 544 doublescan -hsync +vsync (65.3 kHz d)
[    16.169] (II) modeset(0): Modeline "840x525"x119.8   59.50  840 864 880 920  525 526 529 540 doublescan +hsync -vsync (64.7 kHz d)
[    16.169] (II) modeset(0): Modeline "864x486"x59.9   32.50  864 888 968 1072  486 489 494 506 -hsync +vsync (30.3 kHz d)
[    16.169] (II) modeset(0): Modeline "864x486"x59.6   30.50  864 912 944 1024  486 489 494 500 +hsync -vsync (29.8 kHz d)
[    16.169] (II) modeset(0): Modeline "800x512"x120.3   51.56  800 800 828 832  512 512 514 515 doublescan +hsync +vsync (62.0 kHz d)
[    16.169] (II) modeset(0): Modeline "700x525"x120.0   61.00  700 744 820 940  525 526 532 541 doublescan +hsync +vsync (64.9 kHz d)
[    16.169] (II) modeset(0): Modeline "800x450"x119.9   59.12  800 848 928 1056  450 451 454 467 doublescan -hsync +vsync (56.0 kHz d)
[    16.169] (II) modeset(0): Modeline "800x450"x119.6   48.75  800 824 840 880  450 451 454 463 doublescan +hsync -vsync (55.4 kHz d)
[    16.169] (II) modeset(0): Modeline "640x512"x120.0   54.00  640 664 720 844  512 512 514 533 doublescan +hsync +vsync (64.0 kHz d)
[    16.169] (II) modeset(0): Modeline "720x450"x119.8   53.25  720 760 836 952  450 451 454 467 doublescan -hsync +vsync (55.9 kHz d)
[    16.169] (II) modeset(0): Modeline "700x450"x119.9   51.75  700 740 812 924  450 451 456 467 doublescan -hsync +vsync (56.0 kHz d)
[    16.169] (II) modeset(0): Modeline "700x450"x119.8   43.25  700 724 740 780  450 451 456 463 doublescan +hsync -vsync (55.4 kHz d)
[    16.169] (II) modeset(0): Modeline "640x480"x120.0   54.00  640 688 744 900  480 480 482 500 doublescan +hsync +vsync (60.0 kHz d)
[    16.169] (II) modeset(0): Modeline "640x480"x59.9   25.18  640 656 752 800  480 490 492 525 -hsync -vsync (31.5 kHz d)
[    16.169] (II) modeset(0): Modeline "720x405"x59.5   22.50  720 744 808 896  405 408 413 422 -hsync +vsync (25.1 kHz d)
[    16.169] (II) modeset(0): Modeline "720x405"x59.0   21.75  720 768 800 880  405 408 413 419 +hsync -vsync (24.7 kHz d)
[    16.169] (II) modeset(0): Modeline "684x384"x119.8   42.62  684 720 788 892  384 385 390 399 doublescan -hsync +vsync (47.8 kHz d)
[    16.169] (II) modeset(0): Modeline "684x384"x119.7   36.12  684 708 724 764  384 385 390 395 doublescan +hsync -vsync (47.3 kHz d)
[    16.169] (II) modeset(0): Modeline "680x384"x119.6   42.38  680 716 784 888  384 385 390 399 doublescan -hsync +vsync (47.7 kHz d)
[    16.169] (II) modeset(0): Modeline "680x384"x119.9   36.00  680 704 720 760  384 385 390 395 doublescan +hsync -vsync (47.4 kHz d)
[    16.169] (II) modeset(0): Modeline "640x400"x119.8   41.75  640 676 740 840  400 401 404 415 doublescan -hsync +vsync (49.7 kHz d)
[    16.169] (II) modeset(0): Modeline "640x400"x120.0   35.50  640 664 680 720  400 401 404 411 doublescan +hsync -vsync (49.3 kHz d)
[    16.169] (II) modeset(0): Modeline "576x432"x120.1   40.81  576 608 668 760  432 432 434 447 doublescan -hsync +vsync (53.7 kHz d)
[    16.169] (II) modeset(0): Modeline "640x360"x119.7   37.25  640 672 736 832  360 361 364 374 doublescan -hsync +vsync (44.8 kHz d)
[    16.169] (II) modeset(0): Modeline "640x360"x119.7   31.88  640 664 680 720  360 361 364 370 doublescan +hsync -vsync (44.3 kHz d)
[    16.169] (II) modeset(0): Modeline "640x360"x59.8   18.00  640 664 720 800  360 363 368 376 -hsync +vsync (22.5 kHz d)
[    16.169] (II) modeset(0): Modeline "640x360"x59.3   17.75  640 688 720 800  360 363 368 374 +hsync -vsync (22.2 kHz d)
[    16.169] (II) modeset(0): Modeline "512x384"x120.0   32.50  512 524 592 672  384 385 388 403 doublescan -hsync -vsync (48.4 kHz d)
[    16.169] (II) modeset(0): Modeline "512x288"x120.0   23.25  512 532 580 648  288 289 292 299 doublescan -hsync +vsync (35.9 kHz d)
[    16.169] (II) modeset(0): Modeline "512x288"x119.8   21.00  512 536 552 592  288 289 292 296 doublescan +hsync -vsync (35.5 kHz d)
[    16.169] (II) modeset(0): Modeline "480x270"x119.3   20.38  480 496 544 608  270 271 274 281 doublescan -hsync +vsync (33.5 kHz d)
[    16.169] (II) modeset(0): Modeline "480x270"x119.6   18.62  480 504 520 560  270 271 274 278 doublescan +hsync -vsync (33.3 kHz d)
[    16.169] (II) modeset(0): Modeline "400x300"x120.6   20.00  400 420 484 528  300 300 302 314 doublescan +hsync +vsync (37.9 kHz d)
[    16.169] (II) modeset(0): Modeline "400x300"x112.7   18.00  400 412 448 512  300 300 301 312 doublescan +hsync +vsync (35.2 kHz d)
[    16.169] (II) modeset(0): Modeline "432x243"x119.8   16.25  432 444 484 536  243 244 247 253 doublescan -hsync +vsync (30.3 kHz d)
[    16.169] (II) modeset(0): Modeline "432x243"x119.1   15.25  432 456 472 512  243 244 247 250 doublescan +hsync -vsync (29.8 kHz d)
[    16.169] (II) modeset(0): Modeline "320x240"x120.1   12.59  320 328 376 400  240 245 246 262 doublescan -hsync -vsync (31.5 kHz d)
[    16.169] (II) modeset(0): Modeline "360x202"x119.0   11.25  360 372 404 448  202 204 206 211 doublescan -hsync +vsync (25.1 kHz d)
[    16.169] (II) modeset(0): Modeline "360x202"x118.3   10.88  360 384 400 440  202 204 206 209 doublescan +hsync -vsync (24.7 kHz d)
[    16.169] (II) modeset(0): Modeline "320x180"x119.7    9.00  320 332 360 400  180 181 184 188 doublescan -hsync +vsync (22.5 kHz d)
[    16.169] (II) modeset(0): Modeline "320x180"x118.6    8.88  320 344 360 400  180 181 184 187 doublescan +hsync -vsync (22.2 kHz d)
[    16.169] (II) modeset(0): EDID for output HDMI-1
[    16.169] (II) modeset(0): EDID for output DP-1
[    16.169] (II) modeset(0): EDID for output DP-2
[    16.169] (II) modeset(0): EDID for output DP-3
[    16.169] (II) modeset(0): EDID for output DP-4
[    16.169] (II) modeset(0): Output eDP-1 connected
[    16.169] (II) modeset(0): Output HDMI-1 disconnected
[    16.169] (II) modeset(0): Output DP-1 disconnected
[    16.169] (II) modeset(0): Output DP-2 disconnected
[    16.169] (II) modeset(0): Output DP-3 disconnected
[    16.169] (II) modeset(0): Output DP-4 disconnected
[    16.169] (II) modeset(0): Using exact sizes for initial modes
[    16.169] (II) modeset(0): Output eDP-1 using initial mode 1920x1080 +0+0
[    16.169] (==) modeset(0): Using gamma correction (1.0, 1.0, 1.0)
[    16.169] (==) modeset(0): DPI set to (96, 96)
[    16.169] (II) Loading sub module "fb"
[    16.169] (II) LoadModule: "fb"
[    16.170] (II) Loading /usr/lib/xorg/modules/libfb.so
[    16.170] (II) Module fb: vendor="X.Org Foundation"
[    16.170] 	compiled for 1.20.11, module version = 1.0.0
[    16.170] 	ABI class: X.Org ANSI C Emulation, version 0.4
[    16.170] (II) UnloadModule: "fbdev"
[    16.170] (II) Unloading fbdev
[    16.170] (II) UnloadSubModule: "fbdevhw"
[    16.170] (II) Unloading fbdevhw
[    16.170] (II) UnloadModule: "vesa"
[    16.170] (II) Unloading vesa
[    16.237] (==) modeset(0): Backing store enabled
[    16.237] (==) modeset(0): Silken mouse enabled
[    16.306] (II) modeset(0): Initializing kms color map for depth 24, 8 bpc.
[    16.306] (==) modeset(0): DPMS enabled
[    16.307] (II) modeset(0): [DRI2] Setup complete
[    16.307] (II) modeset(0): [DRI2]   DRI driver: iris
[    16.307] (II) modeset(0): [DRI2]   VDPAU driver: va_gl
[    16.307] (II) Initializing extension Generic Event Extension
[    16.307] (II) Initializing extension SHAPE
[    16.307] (II) Initializing extension MIT-SHM
[    16.307] (II) Initializing extension XInputExtension
[    16.307] (II) Initializing extension XTEST
[    16.307] (II) Initializing extension BIG-REQUESTS
[    16.307] (II) Initializing extension SYNC
[    16.307] (II) Initializing extension XKEYBOARD
[    16.307] (II) Initializing extension XC-MISC
[    16.307] (II) Initializing extension SECURITY
[    16.307] (II) Initializing extension XFIXES
[    16.307] (II) Initializing extension RENDER
[    16.307] (II) Initializing extension RANDR
[    16.308] (II) Initializing extension COMPOSITE
[    16.308] (II) Initializing extension DAMAGE
[    16.308] (II) Initializing extension MIT-SCREEN-SAVER
[    16.308] (II) Initializing extension DOUBLE-BUFFER
[    16.308] (II) Initializing extension RECORD
[    16.308] (II) Initializing extension DPMS
[    16.308] (II) Initializing extension Present
[    16.308] (II) Initializing extension DRI3
[    16.308] (II) Initializing extension X-Resource
[    16.308] (II) Initializing extension XVideo
[    16.308] (II) Initializing extension XVideo-MotionCompensation
[    16.308] (II) Initializing extension SELinux
[    16.308] (II) SELinux: Disabled on system
[    16.308] (II) Initializing extension GLX
[    16.312] (II) AIGLX: Loaded and initialized iris
[    16.312] (II) GLX: Initialized DRI2 GL provider for screen 0
[    16.312] (II) Initializing extension XFree86-VidModeExtension
[    16.312] (II) Initializing extension XFree86-DGA
[    16.312] (II) Initializing extension XFree86-DRI
[    16.312] (II) Initializing extension DRI2
[    16.312] (II) modeset(0): Damage tracking initialized
[    16.312] (II) modeset(0): Setting screen physical size to 508 x 285
[    16.332] (II) config/udev: Adding input device Power Button (/dev/input/event2)
[    16.332] (**) Power Button: Applying InputClass "libinput keyboard catchall"
[    16.332] (II) LoadModule: "libinput"
[    16.332] (II) Loading /usr/lib/xorg/modules/input/libinput_drv.so
[    16.333] (II) Module libinput: vendor="X.Org Foundation"
[    16.333] 	compiled for 1.20.4, module version = 0.29.0
[    16.333] 	Module class: X.Org XInput Driver
[    16.333] 	ABI class: X.Org XInput driver, version 24.1
[    16.333] (II) Using input driver 'libinput' for 'Power Button'
[    16.333] (II) systemd-logind: got fd for /dev/input/event2 13:66 fd 27 paused 0
[    16.333] (**) Power Button: always reports core events
[    16.333] (**) Option "Device" "/dev/input/event2"
[    16.333] (**) Option "_source" "server/udev"
[    16.334] (II) event2  - Power Button: is tagged by udev as: Keyboard
[    16.334] (II) event2  - Power Button: device is a keyboard
[    16.334] (II) event2  - Power Button: device removed
[    16.334] (**) Option "config_info" "udev:/sys/devices/LNXSYSTM:00/LNXPWRBN:00/input/input2/event2"
[    16.334] (II) XINPUT: Adding extended input device "Power Button" (type: KEYBOARD, id 6)
[    16.334] (**) Option "xkb_layout" "us"
[    16.335] (II) event2  - Power Button: is tagged by udev as: Keyboard
[    16.335] (II) event2  - Power Button: device is a keyboard
[    16.335] (II) config/udev: Adding input device Video Bus (/dev/input/event3)
[    16.335] (**) Video Bus: Applying InputClass "libinput keyboard catchall"
[    16.335] (II) Using input driver 'libinput' for 'Video Bus'
[    16.335] (II) systemd-logind: got fd for /dev/input/event3 13:67 fd 30 paused 0
[    16.335] (**) Video Bus: always reports core events
[    16.335] (**) Option "Device" "/dev/input/event3"
[    16.335] (**) Option "_source" "server/udev"
[    16.336] (II) event3  - Video Bus: is tagged by udev as: Keyboard
[    16.336] (II) event3  - Video Bus: device is a keyboard
[    16.336] (II) event3  - Video Bus: device removed
[    16.336] (**) Option "config_info" "udev:/sys/devices/LNXSYSTM:00/LNXSYBUS:00/PNP0A08:00/LNXVIDEO:00/input/input4/event3"
[    16.336] (II) XINPUT: Adding extended input device "Video Bus" (type: KEYBOARD, id 7)
[    16.336] (**) Option "xkb_layout" "us"
[    16.336] (II) event3  - Video Bus: is tagged by udev as: Keyboard
[    16.336] (II) event3  - Video Bus: device is a keyboard
[    16.336] (II) config/udev: Adding input device Power Button (/dev/input/event1)
[    16.337] (**) Power Button: Applying InputClass "libinput keyboard catchall"
[    16.337] (II) Using input driver 'libinput' for 'Power Button'
[    16.337] (II) systemd-logind: got fd for /dev/input/event1 13:65 fd 31 paused 0
[    16.337] (**) Power Button: always reports core events
[    16.337] (**) Option "Device" "/dev/input/event1"
[    16.337] (**) Option "_source" "server/udev"
[    16.337] (II) event1  - Power Button: is tagged by udev as: Keyboard
[    16.337] (II) event1  - Power Button: device is a keyboard
[    16.338] (II) event1  - Power Button: device removed
[    16.338] (**) Option "config_info" "udev:/sys/devices/LNXSYSTM:00/LNXSYBUS:00/PNP0C0C:00/input/input1/event1"
[    16.338] (II) XINPUT: Adding extended input device "Power Button" (type: KEYBOARD, id 8)
[    16.338] (**) Option "xkb_layout" "us"
[    16.338] (II) event1  - Power Button: is tagged by udev as: Keyboard
[    16.338] (II) event1  - Power Button: device is a keyboard
[    16.338] (II) config/udev: Adding input device Lid Switch (/dev/input/event0)
[    16.338] (II) No input driver specified, ignoring this device.
[    16.338] (II) This device may have been added with another device file.
[    16.339] (II) config/udev: Adding input device  USB OPTICAL MOUSE (/dev/input/event6)
[    16.339] (**)  USB OPTICAL MOUSE: Applying InputClass "libinput pointer catchall"
[    16.339] (II) Using input driver 'libinput' for ' USB OPTICAL MOUSE'
[    16.339] (II) systemd-logind: got fd for /dev/input/event6 13:70 fd 32 paused 0
[    16.339] (**)  USB OPTICAL MOUSE: always reports core events
[    16.339] (**) Option "Device" "/dev/input/event6"
[    16.339] (**) Option "_source" "server/udev"
[    16.340] (II) event6  -  USB OPTICAL MOUSE: is tagged by udev as: Mouse
[    16.340] (II) event6  -  USB OPTICAL MOUSE: device is a pointer
[    16.340] (II) event6  -  USB OPTICAL MOUSE: device removed
[    16.340] (**) Option "config_info" "udev:/sys/devices/pci0000:00/0000:00:14.0/usb3/3-1/3-1:1.0/0003:0000:3825.0002/input/input8/event6"
[    16.340] (II) XINPUT: Adding extended input device " USB OPTICAL MOUSE" (type: MOUSE, id 9)
[    16.340] (**) Option "AccelerationScheme" "none"
[    16.340] (**)  USB OPTICAL MOUSE: (accel) selected scheme none/0
[    16.340] (**)  USB OPTICAL MOUSE: (accel) acceleration factor: 2.000
[    16.340] (**)  USB OPTICAL MOUSE: (accel) acceleration threshold: 4
[    16.341] (II) event6  -  USB OPTICAL MOUSE: is tagged by udev as: Mouse
[    16.341] (II) event6  -  USB OPTICAL MOUSE: device is a pointer
[    16.341] (II) config/udev: Adding input device  USB OPTICAL MOUSE (/dev/input/mouse2)
[    16.341] (II) No input driver specified, ignoring this device.
[    16.341] (II) This device may have been added with another device file.
[    16.341] (II) config/udev: Adding input device SIGMACHIP USB Keyboard (/dev/input/event7)
[    16.341] (**) SIGMACHIP USB Keyboard: Applying InputClass "libinput keyboard catchall"
[    16.341] (II) Using input driver 'libinput' for 'SIGMACHIP USB Keyboard'
[    16.341] (II) systemd-logind: got fd for /dev/input/event7 13:71 fd 33 paused 0
[    16.342] (**) SIGMACHIP USB Keyboard: always reports core events
[    16.342] (**) Option "Device" "/dev/input/event7"
[    16.342] (**) Option "_source" "server/udev"
[    16.342] (II) event7  - SIGMACHIP USB Keyboard: is tagged by udev as: Keyboard
[    16.342] (II) event7  - SIGMACHIP USB Keyboard: device is a keyboard
[    16.342] (II) event7  - SIGMACHIP USB Keyboard: device removed
[    16.342] (**) Option "config_info" "udev:/sys/devices/pci0000:00/0000:00:14.0/usb3/3-2/3-2:1.0/0003:1C4F:0002.0003/input/input10/event7"
[    16.342] (II) XINPUT: Adding extended input device "SIGMACHIP USB Keyboard" (type: KEYBOARD, id 10)
[    16.342] (**) Option "xkb_layout" "us"
[    16.343] (II) event7  - SIGMACHIP USB Keyboard: is tagged by udev as: Keyboard
[    16.343] (II) event7  - SIGMACHIP USB Keyboard: device is a keyboard
[    16.343] (II) config/udev: Adding input device SIGMACHIP USB Keyboard Consumer Control (/dev/input/event8)
[    16.343] (**) SIGMACHIP USB Keyboard Consumer Control: Applying InputClass "libinput keyboard catchall"
[    16.343] (II) Using input driver 'libinput' for 'SIGMACHIP USB Keyboard Consumer Control'
[    16.344] (II) systemd-logind: got fd for /dev/input/event8 13:72 fd 34 paused 0
[    16.344] (**) SIGMACHIP USB Keyboard Consumer Control: always reports core events
[    16.344] (**) Option "Device" "/dev/input/event8"
[    16.344] (**) Option "_source" "server/udev"
[    16.344] (II) event8  - SIGMACHIP USB Keyboard Consumer Control: is tagged by udev as: Keyboard
[    16.344] (II) event8  - SIGMACHIP USB Keyboard Consumer Control: device is a keyboard
[    16.344] (II) event8  - SIGMACHIP USB Keyboard Consumer Control: device removed
[    16.344] (II) libinput: SIGMACHIP USB Keyboard Consumer Control: needs a virtual subdevice
[    16.344] (**) Option "config_info" "udev:/sys/devices/pci0000:00/0000:00:14.0/usb3/3-2/3-2:1.1/0003:1C4F:0002.0004/input/input11/event8"
[    16.344] (II) XINPUT: Adding extended input device "SIGMACHIP USB Keyboard Consumer Control" (type: MOUSE, id 11)
[    16.344] (**) Option "AccelerationScheme" "none"
[    16.345] (**) SIGMACHIP USB Keyboard Consumer Control: (accel) selected scheme none/0
[    16.345] (**) SIGMACHIP USB Keyboard Consumer Control: (accel) acceleration factor: 2.000
[    16.345] (**) SIGMACHIP USB Keyboard Consumer Control: (accel) acceleration threshold: 4
[    16.345] (II) event8  - SIGMACHIP USB Keyboard Consumer Control: is tagged by udev as: Keyboard
[    16.345] (II) event8  - SIGMACHIP USB Keyboard Consumer Control: device is a keyboard
[    16.345] (II) config/udev: Adding input device SIGMACHIP USB Keyboard System Control (/dev/input/event9)
[    16.345] (**) SIGMACHIP USB Keyboard System Control: Applying InputClass "libinput keyboard catchall"
[    16.346] (II) Using input driver 'libinput' for 'SIGMACHIP USB Keyboard System Control'
[    16.346] (II) systemd-logind: got fd for /dev/input/event9 13:73 fd 35 paused 0
[    16.346] (**) SIGMACHIP USB Keyboard System Control: always reports core events
[    16.346] (**) Option "Device" "/dev/input/event9"
[    16.346] (**) Option "_source" "server/udev"
[    16.346] (II) event9  - SIGMACHIP USB Keyboard System Control: is tagged by udev as: Keyboard
[    16.346] (II) event9  - SIGMACHIP USB Keyboard System Control: device is a keyboard
[    16.347] (II) event9  - SIGMACHIP USB Keyboard System Control: device removed
[    16.347] (**) Option "config_info" "udev:/sys/devices/pci0000:00/0000:00:14.0/usb3/3-2/3-2:1.1/0003:1C4F:0002.0004/input/input12/event9"
[    16.347] (II) XINPUT: Adding extended input device "SIGMACHIP USB Keyboard System Control" (type: KEYBOARD, id 12)
[    16.347] (**) Option "xkb_layout" "us"
[    16.347] (II) event9  - SIGMACHIP USB Keyboard System Control: is tagged by udev as: Keyboard
[    16.347] (II) event9  - SIGMACHIP USB Keyboard System Control: device is a keyboard
[    16.348] (II) config/udev: Adding input device HP Wide Vision HD Camera: HP Wi (/dev/input/event11)
[    16.348] (**) HP Wide Vision HD Camera: HP Wi: Applying InputClass "libinput keyboard catchall"
[    16.348] (II) Using input driver 'libinput' for 'HP Wide Vision HD Camera: HP Wi'
[    16.348] (II) systemd-logind: got fd for /dev/input/event11 13:75 fd 36 paused 0
[    16.348] (**) HP Wide Vision HD Camera: HP Wi: always reports core events
[    16.348] (**) Option "Device" "/dev/input/event11"
[    16.348] (**) Option "_source" "server/udev"
[    16.349] (II) event11 - HP Wide Vision HD Camera: HP Wi: is tagged by udev as: Keyboard
[    16.349] (II) event11 - HP Wide Vision HD Camera: HP Wi: device is a keyboard
[    16.349] (II) event11 - HP Wide Vision HD Camera: HP Wi: device removed
[    16.349] (**) Option "config_info" "udev:/sys/devices/pci0000:00/0000:00:14.0/usb3/3-3/3-3:1.0/input/input18/event11"
[    16.349] (II) XINPUT: Adding extended input device "HP Wide Vision HD Camera: HP Wi" (type: KEYBOARD, id 13)
[    16.349] (**) Option "xkb_layout" "us"
[    16.350] (II) event11 - HP Wide Vision HD Camera: HP Wi: is tagged by udev as: Keyboard
[    16.350] (II) event11 - HP Wide Vision HD Camera: HP Wi: device is a keyboard
[    16.350] (II) config/udev: Adding input device ELAN0729:00 04F3:315D Mouse (/dev/input/event4)
[    16.350] (**) ELAN0729:00 04F3:315D Mouse: Applying InputClass "libinput pointer catchall"
[    16.350] (II) Using input driver 'libinput' for 'ELAN0729:00 04F3:315D Mouse'
[    16.350] (II) systemd-logind: got fd for /dev/input/event4 13:68 fd 37 paused 0
[    16.350] (**) ELAN0729:00 04F3:315D Mouse: always reports core events
[    16.350] (**) Option "Device" "/dev/input/event4"
[    16.350] (**) Option "_source" "server/udev"
[    16.351] (II) event4  - ELAN0729:00 04F3:315D Mouse: is tagged by udev as: Mouse Pointingstick
[    16.351] (II) event4  - ELAN0729:00 04F3:315D Mouse: device is a pointer
[    16.352] (II) event4  - ELAN0729:00 04F3:315D Mouse: device removed
[    16.352] (**) Option "config_info" "udev:/sys/devices/pci0000:00/0000:00:15.1/i2c_designware.1/i2c-2/i2c-ELAN0729:00/0018:04F3:315D.0001/input/input15/event4"
[    16.352] (II) XINPUT: Adding extended input device "ELAN0729:00 04F3:315D Mouse" (type: MOUSE, id 14)
[    16.352] (**) Option "AccelerationScheme" "none"
[    16.352] (**) ELAN0729:00 04F3:315D Mouse: (accel) selected scheme none/0
[    16.352] (**) ELAN0729:00 04F3:315D Mouse: (accel) acceleration factor: 2.000
[    16.352] (**) ELAN0729:00 04F3:315D Mouse: (accel) acceleration threshold: 4
[    16.352] (II) event4  - ELAN0729:00 04F3:315D Mouse: is tagged by udev as: Mouse Pointingstick
[    16.353] (II) event4  - ELAN0729:00 04F3:315D Mouse: device is a pointer
[    16.353] (II) config/udev: Adding input device ELAN0729:00 04F3:315D Mouse (/dev/input/mouse0)
[    16.353] (II) No input driver specified, ignoring this device.
[    16.353] (II) This device may have been added with another device file.
[    16.354] (II) config/udev: Adding input device ELAN0729:00 04F3:315D Touchpad (/dev/input/event5)
[    16.354] (**) ELAN0729:00 04F3:315D Touchpad: Applying InputClass "libinput touchpad catchall"
[    16.354] (II) Using input driver 'libinput' for 'ELAN0729:00 04F3:315D Touchpad'
[    16.354] (II) systemd-logind: got fd for /dev/input/event5 13:69 fd 38 paused 0
[    16.354] (**) ELAN0729:00 04F3:315D Touchpad: always reports core events
[    16.354] (**) Option "Device" "/dev/input/event5"
[    16.354] (**) Option "_source" "server/udev"
[    16.355] (II) event5  - ELAN0729:00 04F3:315D Touchpad: is tagged by udev as: Touchpad
[    16.355] (II) event5  - ELAN0729:00 04F3:315D Touchpad: device is a touchpad
[    16.355] (II) event5  - ELAN0729:00 04F3:315D Touchpad: device removed
[    16.356] (**) Option "config_info" "udev:/sys/devices/pci0000:00/0000:00:15.1/i2c_designware.1/i2c-2/i2c-ELAN0729:00/0018:04F3:315D.0001/input/input17/event5"
[    16.356] (II) XINPUT: Adding extended input device "ELAN0729:00 04F3:315D Touchpad" (type: TOUCHPAD, id 15)
[    16.356] (**) Option "AccelerationScheme" "none"
[    16.356] (**) ELAN0729:00 04F3:315D Touchpad: (accel) selected scheme none/0
[    16.356] (**) ELAN0729:00 04F3:315D Touchpad: (accel) acceleration factor: 2.000
[    16.356] (**) ELAN0729:00 04F3:315D Touchpad: (accel) acceleration threshold: 4
[    16.357] (II) event5  - ELAN0729:00 04F3:315D Touchpad: is tagged by udev as: Touchpad
[    16.357] (II) event5  - ELAN0729:00 04F3:315D Touchpad: device is a touchpad
[    16.358] (II) config/udev: Adding input device ELAN0729:00 04F3:315D Touchpad (/dev/input/mouse1)
[    16.358] (II) No input driver specified, ignoring this device.
[    16.358] (II) This device may have been added with another device file.
[    16.358] (II) config/udev: Adding input device sof-hda-dsp Mic (/dev/input/event13)
[    16.358] (II) No input driver specified, ignoring this device.
[    16.358] (II) This device may have been added with another device file.
[    16.358] (II) config/udev: Adding input device sof-hda-dsp Headphone (/dev/input/event14)
[    16.358] (II) No input driver specified, ignoring this device.
[    16.358] (II) This device may have been added with another device file.
[    16.358] (II) config/udev: Adding input device sof-hda-dsp HDMI/DP,pcm=3 (/dev/input/event15)
[    16.358] (II) No input driver specified, ignoring this device.
[    16.358] (II) This device may have been added with another device file.
[    16.358] (II) config/udev: Adding input device sof-hda-dsp HDMI/DP,pcm=4 (/dev/input/event16)
[    16.358] (II) No input driver specified, ignoring this device.
[    16.358] (II) This device may have been added with another device file.
[    16.359] (II) config/udev: Adding input device sof-hda-dsp HDMI/DP,pcm=5 (/dev/input/event17)
[    16.359] (II) No input driver specified, ignoring this device.
[    16.359] (II) This device may have been added with another device file.
[    16.360] (II) config/udev: Adding input device HP Wireless hotkeys (/dev/input/event10)
[    16.360] (**) HP Wireless hotkeys: Applying InputClass "libinput keyboard catchall"
[    16.360] (II) Using input driver 'libinput' for 'HP Wireless hotkeys'
[    16.360] (II) systemd-logind: got fd for /dev/input/event10 13:74 fd 39 paused 0
[    16.360] (**) HP Wireless hotkeys: always reports core events
[    16.360] (**) Option "Device" "/dev/input/event10"
[    16.360] (**) Option "_source" "server/udev"
[    16.360] (II) event10 - HP Wireless hotkeys: is tagged by udev as: Keyboard
[    16.360] (II) event10 - HP Wireless hotkeys: device is a keyboard
[    16.360] (II) event10 - HP Wireless hotkeys: device removed
[    16.360] (**) Option "config_info" "udev:/sys/devices/virtual/input/input13/event10"
[    16.360] (II) XINPUT: Adding extended input device "HP Wireless hotkeys" (type: KEYBOARD, id 16)
[    16.360] (**) Option "xkb_layout" "us"
[    16.361] (II) event10 - HP Wireless hotkeys: is tagged by udev as: Keyboard
[    16.361] (II) event10 - HP Wireless hotkeys: device is a keyboard
[    16.361] (II) config/udev: Adding input device HP WMI hotkeys (/dev/input/event12)
[    16.361] (**) HP WMI hotkeys: Applying InputClass "libinput keyboard catchall"
[    16.361] (II) Using input driver 'libinput' for 'HP WMI hotkeys'
[    16.361] (II) systemd-logind: got fd for /dev/input/event12 13:76 fd 40 paused 0
[    16.361] (**) HP WMI hotkeys: always reports core events
[    16.361] (**) Option "Device" "/dev/input/event12"
[    16.361] (**) Option "_source" "server/udev"
[    16.362] (II) event12 - HP WMI hotkeys: is tagged by udev as: Keyboard Switch
[    16.362] (II) event12 - HP WMI hotkeys: device is a keyboard
[    16.362] (II) event12 - HP WMI hotkeys: device removed
[    16.362] (**) Option "config_info" "udev:/sys/devices/virtual/input/input14/event12"
[    16.362] (II) XINPUT: Adding extended input device "HP WMI hotkeys" (type: KEYBOARD, id 17)
[    16.362] (**) Option "xkb_layout" "us"
[    16.362] (II) event12 - HP WMI hotkeys: is tagged by udev as: Keyboard Switch
[    16.362] (II) event12 - HP WMI hotkeys: device is a keyboard
[    16.373] (**) SIGMACHIP USB Keyboard Consumer Control: Applying InputClass "libinput keyboard catchall"
[    16.373] (II) Using input driver 'libinput' for 'SIGMACHIP USB Keyboard Consumer Control'
[    16.373] (II) systemd-logind: returning pre-existing fd for /dev/input/event8 13:72
[    16.373] (**) SIGMACHIP USB Keyboard Consumer Control: always reports core events
[    16.373] (**) Option "Device" "/dev/input/event8"
[    16.373] (**) Option "_source" "_driver/libinput"
[    16.373] (II) libinput: SIGMACHIP USB Keyboard Consumer Control: is a virtual subdevice
[    16.373] (**) Option "config_info" "udev:/sys/devices/pci0000:00/0000:00:14.0/usb3/3-2/3-2:1.1/0003:1C4F:0002.0004/input/input11/event8"
[    16.373] (II) XINPUT: Adding extended input device "SIGMACHIP USB Keyboard Consumer Control" (type: KEYBOARD, id 18)
[    16.373] (**) Option "xkb_layout" "us"
[    16.859] (II) modeset(0): EDID vendor "LGD", prod id 1551
[    16.859] (II) modeset(0): Printing DDC gathered Modelines:
[    16.859] (II) modeset(0): Modeline "1920x1080"x0.0  138.70  1920 1968 2000 2080  1080 1083 1088 1111 -hsync -vsync (66.7 kHz eP)
[    16.859] (II) modeset(0): Modeline "1920x1080"x0.0   92.43  1920 1968 2000 2080  1080 1083 1088 1111 -hsync -vsync (44.4 kHz e)
[    18.210] (II) modeset(0): EDID vendor "LGD", prod id 1551
[    18.210] (II) modeset(0): Printing DDC gathered Modelines:
[    18.210] (II) modeset(0): Modeline "1920x1080"x0.0  138.70  1920 1968 2000 2080  1080 1083 1088 1111 -hsync -vsync (66.7 kHz eP)
[    18.210] (II) modeset(0): Modeline "1920x1080"x0.0   92.43  1920 1968 2000 2080  1080 1083 1088 1111 -hsync -vsync (44.4 kHz e)
[    18.400] (II) modeset(0): EDID vendor "LGD", prod id 1551
[    18.400] (II) modeset(0): Printing DDC gathered Modelines:
[    18.400] (II) modeset(0): Modeline "1920x1080"x0.0  138.70  1920 1968 2000 2080  1080 1083 1088 1111 -hsync -vsync (66.7 kHz eP)
[    18.400] (II) modeset(0): Modeline "1920x1080"x0.0   92.43  1920 1968 2000 2080  1080 1083 1088 1111 -hsync -vsync (44.4 kHz e)
[    18.548] (II) modeset(0): EDID vendor "LGD", prod id 1551
[    18.548] (II) modeset(0): Printing DDC gathered Modelines:
[    18.548] (II) modeset(0): Modeline "1920x1080"x0.0  138.70  1920 1968 2000 2080  1080 1083 1088 1111 -hsync -vsync (66.7 kHz eP)
[    18.548] (II) modeset(0): Modeline "1920x1080"x0.0   92.43  1920 1968 2000 2080  1080 1083 1088 1111 -hsync -vsync (44.4 kHz e)
[    18.898] (II) modeset(0): EDID vendor "LGD", prod id 1551
[    18.898] (II) modeset(0): Printing DDC gathered Modelines:
[    18.898] (II) modeset(0): Modeline "1920x1080"x0.0  138.70  1920 1968 2000 2080  1080 1083 1088 1111 -hsync -vsync (66.7 kHz eP)
[    18.898] (II) modeset(0): Modeline "1920x1080"x0.0   92.43  1920 1968 2000 2080  1080 1083 1088 1111 -hsync -vsync (44.4 kHz e)
[    19.025] (II) modeset(0): EDID vendor "LGD", prod id 1551
[    19.025] (II) modeset(0): Printing DDC gathered Modelines:
[    19.025] (II) modeset(0): Modeline "1920x1080"x0.0  138.70  1920 1968 2000 2080  1080 1083 1088 1111 -hsync -vsync (66.7 kHz eP)
[    19.025] (II) modeset(0): Modeline "1920x1080"x0.0   92.43  1920 1968 2000 2080  1080 1083 1088 1111 -hsync -vsync (44.4 kHz e)
[   506.955] (II) modeset(0): EDID vendor "LGD", prod id 1551
[   506.955] (II) modeset(0): Printing DDC gathered Modelines:
[   506.955] (II) modeset(0): Modeline "1920x1080"x0.0  138.70  1920 1968 2000 2080  1080 1083 1088 1111 -hsync -vsync (66.7 kHz eP)
[   506.955] (II) modeset(0): Modeline "1920x1080"x0.0   92.43  1920 1968 2000 2080  1080 1083 1088 1111 -hsync -vsync (44.4 kHz e)
[  2326.640] (II) config/udev: Adding input device AT Translated Set 2 keyboard (/dev/input/event18)
[  2326.640] (**) AT Translated Set 2 keyboard: Applying InputClass "libinput keyboard catchall"
[  2326.640] (II) Using input driver 'libinput' for 'AT Translated Set 2 keyboard'
[  2326.641] (II) systemd-logind: got fd for /dev/input/event18 13:82 fd 77 paused 0
[  2326.641] (**) AT Translated Set 2 keyboard: always reports core events
[  2326.641] (**) Option "Device" "/dev/input/event18"
[  2326.641] (**) Option "_source" "server/udev"
[  2326.641] (II) event18 - AT Translated Set 2 keyboard: is tagged by udev as: Keyboard
[  2326.641] (II) event18 - AT Translated Set 2 keyboard: device is a keyboard
[  2326.642] (II) event18 - AT Translated Set 2 keyboard: device removed
[  2326.642] (**) Option "config_info" "udev:/sys/devices/platform/i8042/serio0/input/input40/event18"
[  2326.642] (II) XINPUT: Adding extended input device "AT Translated Set 2 keyboard" (type: KEYBOARD, id 19)
[  2326.642] (**) Option "xkb_layout" "us"
[  2326.643] (II) event18 - AT Translated Set 2 keyboard: is tagged by udev as: Keyboard
[  2326.643] (II) event18 - AT Translated Set 2 keyboard: device is a keyboard
[  2859.281] (II) modeset(0): EDID vendor "LGD", prod id 1551
[  2859.281] (II) modeset(0): Printing DDC gathered Modelines:
[  2859.281] (II) modeset(0): Modeline "1920x1080"x0.0  138.70  1920 1968 2000 2080  1080 1083 1088 1111 -hsync -vsync (66.7 kHz eP)
[  2859.281] (II) modeset(0): Modeline "1920x1080"x0.0   92.43  1920 1968 2000 2080  1080 1083 1088 1111 -hsync -vsync (44.4 kHz e)
[  2990.332] (II) modeset(0): EDID vendor "LGD", prod id 1551
[  2990.332] (II) modeset(0): Printing DDC gathered Modelines:
[  2990.332] (II) modeset(0): Modeline "1920x1080"x0.0  138.70  1920 1968 2000 2080  1080 1083 1088 1111 -hsync -vsync (66.7 kHz eP)
[  2990.332] (II) modeset(0): Modeline "1920x1080"x0.0   92.43  1920 1968 2000 2080  1080 1083 1088 1111 -hsync -vsync (44.4 kHz e)
